[debug] [2025-06-22T10:51:03.157Z] ----------------------------------------------------------------------
[debug] [2025-06-22T10:51:03.160Z] Command:       C:\Program Files\nodejs\node.exe C:\Users\786\AppData\Roaming\npm\node_modules\firebase-tools\lib\bin\firebase.js init firestore
[debug] [2025-06-22T10:51:03.160Z] CLI Version:   14.8.0
[debug] [2025-06-22T10:51:03.160Z] Platform:      win32
[debug] [2025-06-22T10:51:03.160Z] Node Version:  v20.16.0
[debug] [2025-06-22T10:51:03.160Z] Time:          Sun Jun 22 2025 15:51:03 GMT+0500 (Pakistan Standard Time)
[debug] [2025-06-22T10:51:03.160Z] ----------------------------------------------------------------------
[debug] 
[debug] [2025-06-22T10:51:03.163Z] >>> [apiv2][query] GET https://firebase-public.firebaseio.com/cli.json [none]
[debug] [2025-06-22T10:51:03.208Z] > command requires scopes: ["email","openid","https://www.googleapis.com/auth/cloudplatformprojects.readonly","https://www.googleapis.com/auth/firebase","https://www.googleapis.com/auth/cloud-platform"]
[debug] [2025-06-22T10:51:03.208Z] > authorizing via signed-in user (msubhanmalik20@gmail.com)
[info] 
     ######## #### ########  ######## ########     ###     ######  ########
     ##        ##  ##     ## ##       ##     ##  ##   ##  ##       ##
     ######    ##  ########  ######   ########  #########  ######  ######
     ##        ##  ##    ##  ##       ##     ## ##     ##       ## ##
     ##       #### ##     ## ######## ########  ##     ##  ######  ########

You're about to initialize a Firebase project in this directory:

  D:\ChromeExt\limitter-extension

[debug] [2025-06-22T10:51:03.785Z] <<< [apiv2][status] GET https://firebase-public.firebaseio.com/cli.json 200
[debug] [2025-06-22T10:51:03.785Z] <<< [apiv2][body] GET https://firebase-public.firebaseio.com/cli.json {"cloudBuildErrorAfter":1594252800000,"cloudBuildWarnAfter":1590019200000,"defaultNode10After":1594252800000,"minVersion":"3.0.5","node8DeploysDisabledAfter":1613390400000,"node8RuntimeDisabledAfter":1615809600000,"node8WarnAfter":1600128000000}
